{"C:\\Users\\gimad\\Desktop\\kursach\\ui-library\\src\\index.ts": {"path":"C:\\Users\\gimad\\Desktop\\kursach\\ui-library\\src\\index.ts","statementMap":{"0":{"start":{"line":3,"column":0},"end":{"line":3,"column":9}},"1":{"start":{"line":3,"column":9},"end":{"line":3,"column":40}},"2":{"start":{"line":6,"column":0},"end":{"line":6,"column":9}},"3":{"start":{"line":6,"column":9},"end":{"line":6,"column":46}},"4":{"start":{"line":9,"column":0},"end":{"line":9,"column":9}},"5":{"start":{"line":9,"column":9},"end":{"line":9,"column":37}},"6":{"start":{"line":12,"column":0},"end":{"line":12,"column":9}},"7":{"start":{"line":12,"column":9},"end":{"line":12,"column":37}},"8":{"start":{"line":15,"column":0},"end":{"line":15,"column":9}},"9":{"start":{"line":15,"column":9},"end":{"line":15,"column":56}},"10":{"start":{"line":18,"column":0},"end":{"line":18,"column":9}},"11":{"start":{"line":18,"column":9},"end":{"line":18,"column":16}},"12":{"start":{"line":18,"column":16},"end":{"line":18,"column":49}},"13":{"start":{"line":21,"column":0},"end":{"line":21,"column":9}},"14":{"start":{"line":21,"column":9},"end":{"line":21,"column":56}},"15":{"start":{"line":24,"column":0},"end":{"line":24,"column":9}},"16":{"start":{"line":24,"column":9},"end":{"line":24,"column":40}},"17":{"start":{"line":27,"column":0},"end":{"line":27,"column":9}},"18":{"start":{"line":27,"column":9},"end":{"line":27,"column":46}},"19":{"start":{"line":30,"column":0},"end":{"line":30,"column":9}},"20":{"start":{"line":30,"column":9},"end":{"line":30,"column":24}},"21":{"start":{"line":30,"column":24},"end":{"line":30,"column":67}}},"fnMap":{"0":{"name":"(anonymous_0)","decl":{"start":{"line":3,"column":9},"end":{"line":3,"column":15}},"loc":{"start":{"line":3,"column":9},"end":{"line":3,"column":40}}},"1":{"name":"(anonymous_1)","decl":{"start":{"line":6,"column":9},"end":{"line":6,"column":17}},"loc":{"start":{"line":6,"column":9},"end":{"line":6,"column":46}}},"2":{"name":"(anonymous_2)","decl":{"start":{"line":9,"column":9},"end":{"line":9,"column":14}},"loc":{"start":{"line":9,"column":9},"end":{"line":9,"column":37}}},"3":{"name":"(anonymous_3)","decl":{"start":{"line":12,"column":9},"end":{"line":12,"column":14}},"loc":{"start":{"line":12,"column":9},"end":{"line":12,"column":37}}},"4":{"name":"(anonymous_4)","decl":{"start":{"line":15,"column":9},"end":{"line":15,"column":20}},"loc":{"start":{"line":15,"column":9},"end":{"line":15,"column":56}}},"5":{"name":"(anonymous_5)","decl":{"start":{"line":18,"column":9},"end":{"line":18,"column":14}},"loc":{"start":{"line":18,"column":9},"end":{"line":18,"column":16}}},"6":{"name":"(anonymous_6)","decl":{"start":{"line":18,"column":16},"end":{"line":18,"column":26}},"loc":{"start":{"line":18,"column":16},"end":{"line":18,"column":49}}},"7":{"name":"(anonymous_7)","decl":{"start":{"line":21,"column":9},"end":{"line":21,"column":20}},"loc":{"start":{"line":21,"column":9},"end":{"line":21,"column":56}}},"8":{"name":"(anonymous_8)","decl":{"start":{"line":24,"column":9},"end":{"line":24,"column":15}},"loc":{"start":{"line":24,"column":9},"end":{"line":24,"column":40}}},"9":{"name":"(anonymous_9)","decl":{"start":{"line":27,"column":9},"end":{"line":27,"column":17}},"loc":{"start":{"line":27,"column":9},"end":{"line":27,"column":46}}},"10":{"name":"(anonymous_10)","decl":{"start":{"line":30,"column":9},"end":{"line":30,"column":22}},"loc":{"start":{"line":30,"column":9},"end":{"line":30,"column":24}}},"11":{"name":"(anonymous_11)","decl":{"start":{"line":30,"column":24},"end":{"line":30,"column":36}},"loc":{"start":{"line":30,"column":24},"end":{"line":30,"column":67}}}},"branchMap":{},"s":{"0":0,"1":0,"2":0,"3":0,"4":0,"5":0,"6":0,"7":0,"8":0,"9":0,"10":0,"11":0,"12":0,"13":0,"14":0,"15":0,"16":0,"17":0,"18":0,"19":0,"20":0,"21":0},"f":{"0":0,"1":0,"2":0,"3":0,"4":0,"5":0,"6":0,"7":0,"8":0,"9":0,"10":0,"11":0},"b":{}}
,"C:\\Users\\gimad\\Desktop\\kursach\\ui-library\\src\\utils.ts": {"path":"C:\\Users\\gimad\\Desktop\\kursach\\ui-library\\src\\utils.ts","statementMap":{"0":{"start":{"line":1,"column":0},"end":{"line":1,"column":16}},"1":{"start":{"line":5,"column":0},"end":{"line":5,"column":16}},"2":{"start":{"line":2,"column":2},"end":{"line":2,"column":null}},"3":{"start":{"line":6,"column":2},"end":{"line":6,"column":null}},"4":{"start":{"line":6,"column":12},"end":{"line":6,"column":null}},"5":{"start":{"line":7,"column":2},"end":{"line":7,"column":null}},"6":{"start":{"line":7,"column":113},"end":{"line":7,"column":null}},"7":{"start":{"line":8,"column":2},"end":{"line":8,"column":null}},"8":{"start":{"line":8,"column":37},"end":{"line":8,"column":null}},"9":{"start":{"line":9,"column":15},"end":{"line":9,"column":17}},"10":{"start":{"line":11,"column":2},"end":{"line":11,"column":null}},"11":{"start":{"line":13,"column":30},"end":{"line":13,"column":109}},"12":{"start":{"line":13,"column":49},"end":{"line":13,"column":109}},"13":{"start":{"line":13,"column":13},"end":{"line":13,"column":30}},"14":{"start":{"line":15,"column":32},"end":{"line":17,"column":1}},"15":{"start":{"line":16,"column":2},"end":{"line":16,"column":null}},"16":{"start":{"line":15,"column":13},"end":{"line":15,"column":32}}},"fnMap":{"0":{"name":"getErrorMessage","decl":{"start":{"line":1,"column":16},"end":{"line":1,"column":31}},"loc":{"start":{"line":1,"column":44},"end":{"line":3,"column":1}}},"1":{"name":"resolveImageSrc","decl":{"start":{"line":5,"column":16},"end":{"line":5,"column":31}},"loc":{"start":{"line":5,"column":51},"end":{"line":12,"column":1}}},"2":{"name":"(anonymous_2)","decl":{"start":{"line":13,"column":30},"end":{"line":13,"column":31}},"loc":{"start":{"line":13,"column":49},"end":{"line":13,"column":109}}},"3":{"name":"(anonymous_3)","decl":{"start":{"line":15,"column":32},"end":{"line":15,"column":33}},"loc":{"start":{"line":15,"column":57},"end":{"line":17,"column":1}}}},"branchMap":{"0":{"loc":{"start":{"line":2,"column":9},"end":{"line":2,"column":57}},"type":"cond-expr","locations":[{"start":{"line":2,"column":32},"end":{"line":2,"column":43}},{"start":{"line":2,"column":46},"end":{"line":2,"column":57}}]},"1":{"loc":{"start":{"line":6,"column":2},"end":{"line":6,"column":null}},"type":"if","locations":[{"start":{"line":6,"column":2},"end":{"line":6,"column":null}},{"start":{},"end":{}}]},"2":{"loc":{"start":{"line":7,"column":2},"end":{"line":7,"column":null}},"type":"if","locations":[{"start":{"line":7,"column":2},"end":{"line":7,"column":null}},{"start":{},"end":{}}]},"3":{"loc":{"start":{"line":7,"column":6},"end":{"line":7,"column":111}},"type":"binary-expr","locations":[{"start":{"line":7,"column":6},"end":{"line":7,"column":29}},{"start":{"line":7,"column":33},"end":{"line":7,"column":58}},{"start":{"line":7,"column":62},"end":{"line":7,"column":88}},{"start":{"line":7,"column":92},"end":{"line":7,"column":111}}]},"4":{"loc":{"start":{"line":8,"column":2},"end":{"line":8,"column":null}},"type":"if","locations":[{"start":{"line":8,"column":2},"end":{"line":8,"column":null}},{"start":{},"end":{}}]},"5":{"loc":{"start":{"line":13,"column":52},"end":{"line":13,"column":105}},"type":"cond-expr","locations":[{"start":{"line":13,"column":70},"end":{"line":13,"column":86}},{"start":{"line":13,"column":89},"end":{"line":13,"column":105}}]}},"s":{"0":0,"1":0,"2":0,"3":0,"4":0,"5":0,"6":0,"7":0,"8":0,"9":0,"10":0,"11":0,"12":0,"13":0,"14":0,"15":0,"16":0},"f":{"0":0,"1":0,"2":0,"3":0},"b":{"0":[0,0],"1":[0,0],"2":[0,0],"3":[0,0,0,0],"4":[0,0],"5":[0,0]}}
,"C:\\Users\\gimad\\Desktop\\kursach\\ui-library\\src\\button\\Button.tsx": {"path":"C:\\Users\\gimad\\Desktop\\kursach\\ui-library\\src\\button\\Button.tsx","statementMap":{"0":{"start":{"line":17,"column":0},"end":{"line":17,"column":16}},"1":{"start":{"line":3,"column":0},"end":{"line":3,"column":23}},"2":{"start":{"line":5,"column":0},"end":{"line":5,"column":41}},"3":{"start":{"line":18,"column":21},"end":{"line":18,"column":40}},"4":{"start":{"line":20,"column":2},"end":{"line":25,"column":null}}},"fnMap":{"0":{"name":"Button","decl":{"start":{"line":17,"column":16},"end":{"line":17,"column":22}},"loc":{"start":{"line":17,"column":138},"end":{"line":26,"column":1}}}},"branchMap":{"0":{"loc":{"start":{"line":17,"column":25},"end":{"line":17,"column":40}},"type":"default-arg","locations":[{"start":{"line":17,"column":32},"end":{"line":17,"column":40}}]},"1":{"loc":{"start":{"line":17,"column":48},"end":{"line":17,"column":67}},"type":"default-arg","locations":[{"start":{"line":17,"column":58},"end":{"line":17,"column":67}}]},"2":{"loc":{"start":{"line":17,"column":69},"end":{"line":17,"column":85}},"type":"default-arg","locations":[{"start":{"line":17,"column":80},"end":{"line":17,"column":85}}]},"3":{"loc":{"start":{"line":17,"column":87},"end":{"line":17,"column":102}},"type":"default-arg","locations":[{"start":{"line":17,"column":97},"end":{"line":17,"column":102}}]},"4":{"loc":{"start":{"line":18,"column":21},"end":{"line":18,"column":40}},"type":"binary-expr","locations":[{"start":{"line":18,"column":21},"end":{"line":18,"column":29}},{"start":{"line":18,"column":33},"end":{"line":18,"column":40}}]},"5":{"loc":{"start":{"line":22,"column":7},"end":{"line":22,"column":52}},"type":"binary-expr","locations":[{"start":{"line":22,"column":7},"end":{"line":22,"column":14}},{"start":{"line":22,"column":18},"end":{"line":22,"column":52}}]}},"s":{"0":1,"1":1,"2":1,"3":21,"4":21},"f":{"0":21},"b":{"0":[18],"1":[0],"2":[18],"3":[17],"4":[21,18],"5":[21,3]}}
,"C:\\Users\\gimad\\Desktop\\kursach\\ui-library\\src\\checkbox\\Checkbox.tsx": {"path":"C:\\Users\\gimad\\Desktop\\kursach\\ui-library\\src\\checkbox\\Checkbox.tsx","statementMap":{"0":{"start":{"line":7,"column":0},"end":{"line":7,"column":23}},"1":{"start":{"line":8,"column":0},"end":{"line":8,"column":36}},"2":{"start":{"line":10,"column":0},"end":{"line":10,"column":42}},"3":{"start":{"line":20,"column":43},"end":{"line":51,"column":1}},"4":{"start":{"line":21,"column":22},"end":{"line":27,"column":3}},"5":{"start":{"line":22,"column":4},"end":{"line":22,"column":null}},"6":{"start":{"line":24,"column":4},"end":{"line":26,"column":5}},"7":{"start":{"line":25,"column":6},"end":{"line":25,"column":null}},"8":{"start":{"line":29,"column":2},"end":{"line":50,"column":null}},"9":{"start":{"line":38,"column":8},"end":{"line":41,"column":9}},"10":{"start":{"line":39,"column":10},"end":{"line":39,"column":null}},"11":{"start":{"line":40,"column":10},"end":{"line":40,"column":null}},"12":{"start":{"line":20,"column":13},"end":{"line":20,"column":43}}},"fnMap":{"0":{"name":"(anonymous_1)","decl":{"start":{"line":20,"column":43},"end":{"line":20,"column":44}},"loc":{"start":{"line":20,"column":109},"end":{"line":51,"column":1}}},"1":{"name":"(anonymous_2)","decl":{"start":{"line":21,"column":22},"end":{"line":21,"column":23}},"loc":{"start":{"line":21,"column":56},"end":{"line":27,"column":3}}},"2":{"name":"(anonymous_3)","decl":{"start":{"line":37,"column":17},"end":{"line":37,"column":18}},"loc":{"start":{"line":37,"column":21},"end":{"line":42,"column":7}}}},"branchMap":{"0":{"loc":{"start":{"line":20,"column":74},"end":{"line":20,"column":92}},"type":"default-arg","locations":[{"start":{"line":20,"column":87},"end":{"line":20,"column":92}}]},"1":{"loc":{"start":{"line":24,"column":4},"end":{"line":26,"column":5}},"type":"if","locations":[{"start":{"line":24,"column":4},"end":{"line":26,"column":5}},{"start":{},"end":{}}]},"2":{"loc":{"start":{"line":36,"column":16},"end":{"line":36,"column":42}},"type":"cond-expr","locations":[{"start":{"line":36,"column":29},"end":{"line":36,"column":38}},{"start":{"line":36,"column":41},"end":{"line":36,"column":42}}]},"3":{"loc":{"start":{"line":38,"column":8},"end":{"line":41,"column":9}},"type":"if","locations":[{"start":{"line":38,"column":8},"end":{"line":41,"column":9}},{"start":{},"end":{}}]},"4":{"loc":{"start":{"line":38,"column":12},"end":{"line":38,"column":63}},"type":"binary-expr","locations":[{"start":{"line":38,"column":12},"end":{"line":38,"column":23}},{"start":{"line":38,"column":28},"end":{"line":38,"column":45}},{"start":{"line":38,"column":49},"end":{"line":38,"column":62}}]},"5":{"loc":{"start":{"line":48,"column":7},"end":{"line":48,"column":60}},"type":"binary-expr","locations":[{"start":{"line":48,"column":7},"end":{"line":48,"column":12}},{"start":{"line":48,"column":16},"end":{"line":48,"column":60}}]}},"s":{"0":1,"1":1,"2":1,"3":1,"4":14,"5":3,"6":3,"7":2,"8":14,"9":2,"10":2,"11":2,"12":1},"f":{"0":14,"1":3,"2":2},"b":{"0":[10],"1":[2,1],"2":[4,10],"3":[2,0],"4":[2,2,1],"5":[14,1]}}
,"C:\\Users\\gimad\\Desktop\\kursach\\ui-library\\src\\input\\Input.tsx": {"path":"C:\\Users\\gimad\\Desktop\\kursach\\ui-library\\src\\input\\Input.tsx","statementMap":{"0":{"start":{"line":1,"column":0},"end":{"line":1,"column":39}},"1":{"start":{"line":3,"column":0},"end":{"line":3,"column":23}},"2":{"start":{"line":4,"column":0},"end":{"line":4,"column":42}},"3":{"start":{"line":6,"column":0},"end":{"line":6,"column":40}},"4":{"start":{"line":14,"column":13},"end":{"line":40,"column":null}},"5":{"start":{"line":16,"column":44},"end":{"line":16,"column":59}},"6":{"start":{"line":17,"column":22},"end":{"line":17,"column":73}},"7":{"start":{"line":19,"column":23},"end":{"line":19,"column":123}},"8":{"start":{"line":22,"column":12},"end":{"line":26,"column":20}},"9":{"start":{"line":23,"column":80},"end":{"line":23,"column":110}},"10":{"start":{"line":23,"column":104},"end":{"line":23,"column":109}},"11":{"start":{"line":28,"column":4},"end":{"line":38,"column":null}},"12":{"start":{"line":42,"column":0},"end":{"line":42,"column":null}}},"fnMap":{"0":{"name":"(anonymous_10)","decl":{"start":{"line":15,"column":2},"end":{"line":15,"column":3}},"loc":{"start":{"line":15,"column":152},"end":{"line":39,"column":3}}},"1":{"name":"(anonymous_11)","decl":{"start":{"line":23,"column":74},"end":{"line":23,"column":77}},"loc":{"start":{"line":23,"column":80},"end":{"line":23,"column":110}}},"2":{"name":"(anonymous_12)","decl":{"start":{"line":23,"column":96},"end":{"line":23,"column":100}},"loc":{"start":{"line":23,"column":104},"end":{"line":23,"column":109}}}},"branchMap":{"0":{"loc":{"start":{"line":15,"column":5},"end":{"line":15,"column":18}},"type":"default-arg","locations":[{"start":{"line":15,"column":12},"end":{"line":15,"column":18}}]},"1":{"loc":{"start":{"line":15,"column":20},"end":{"line":15,"column":30}},"type":"default-arg","locations":[{"start":{"line":15,"column":28},"end":{"line":15,"column":30}}]},"2":{"loc":{"start":{"line":15,"column":32},"end":{"line":15,"column":45}},"type":"default-arg","locations":[{"start":{"line":15,"column":40},"end":{"line":15,"column":45}}]},"3":{"loc":{"start":{"line":15,"column":77},"end":{"line":15,"column":93}},"type":"default-arg","locations":[{"start":{"line":15,"column":88},"end":{"line":15,"column":93}}]},"4":{"loc":{"start":{"line":15,"column":95},"end":{"line":15,"column":109}},"type":"default-arg","locations":[{"start":{"line":15,"column":107},"end":{"line":15,"column":109}}]},"5":{"loc":{"start":{"line":17,"column":22},"end":{"line":17,"column":73}},"type":"cond-expr","locations":[{"start":{"line":17,"column":60},"end":{"line":17,"column":66}},{"start":{"line":17,"column":69},"end":{"line":17,"column":73}}]},"6":{"loc":{"start":{"line":17,"column":22},"end":{"line":17,"column":57}},"type":"binary-expr","locations":[{"start":{"line":17,"column":22},"end":{"line":17,"column":41}},{"start":{"line":17,"column":45},"end":{"line":17,"column":57}}]},"7":{"loc":{"start":{"line":19,"column":38},"end":{"line":19,"column":63}},"type":"cond-expr","locations":[{"start":{"line":19,"column":46},"end":{"line":19,"column":58}},{"start":{"line":19,"column":61},"end":{"line":19,"column":63}}]},"8":{"loc":{"start":{"line":19,"column":65},"end":{"line":19,"column":96}},"type":"cond-expr","locations":[{"start":{"line":19,"column":76},"end":{"line":19,"column":91}},{"start":{"line":19,"column":94},"end":{"line":19,"column":96}}]},"9":{"loc":{"start":{"line":22,"column":12},"end":{"line":26,"column":20}},"type":"cond-expr","locations":[{"start":{"line":23,"column":14},"end":{"line":24,"column":null}},{"start":{"line":26,"column":16},"end":{"line":26,"column":20}}]},"10":{"loc":{"start":{"line":24,"column":17},"end":{"line":24,"column":106}},"type":"cond-expr","locations":[{"start":{"line":24,"column":32},"end":{"line":24,"column":69}},{"start":{"line":24,"column":72},"end":{"line":24,"column":106}}]},"11":{"loc":{"start":{"line":33,"column":11},"end":{"line":33,"column":87}},"type":"binary-expr","locations":[{"start":{"line":33,"column":11},"end":{"line":33,"column":25}},{"start":{"line":33,"column":29},"end":{"line":33,"column":87}}]},"12":{"loc":{"start":{"line":36,"column":9},"end":{"line":36,"column":91}},"type":"binary-expr","locations":[{"start":{"line":36,"column":9},"end":{"line":36,"column":14}},{"start":{"line":36,"column":18},"end":{"line":36,"column":30}},{"start":{"line":36,"column":34},"end":{"line":36,"column":91}}]}},"s":{"0":1,"1":1,"2":1,"3":1,"4":1,"5":13,"6":13,"7":13,"8":13,"9":2,"10":2,"11":13,"12":1},"f":{"0":13,"1":2,"2":2},"b":{"0":[9],"1":[0],"2":[11],"3":[12],"4":[12],"5":[1,12],"6":[13,4],"7":[1,12],"8":[1,12],"9":[4,9],"10":[1,3],"11":[13,1],"12":[13,1,1]}}
,"C:\\Users\\gimad\\Desktop\\kursach\\ui-library\\src\\modal\\Modal.tsx": {"path":"C:\\Users\\gimad\\Desktop\\kursach\\ui-library\\src\\modal\\Modal.tsx","statementMap":{"0":{"start":{"line":25,"column":0},"end":{"line":25,"column":16}},"1":{"start":{"line":6,"column":0},"end":{"line":6,"column":64}},"2":{"start":{"line":8,"column":0},"end":{"line":8,"column":23}},"3":{"start":{"line":9,"column":0},"end":{"line":9,"column":32}},"4":{"start":{"line":11,"column":0},"end":{"line":11,"column":39}},"5":{"start":{"line":13,"column":22},"end":{"line":13,"column":23}},"6":{"start":{"line":26,"column":32},"end":{"line":26,"column":45}},"7":{"start":{"line":27,"column":27},"end":{"line":27,"column":55}},"8":{"start":{"line":28,"column":28},"end":{"line":28,"column":56}},"9":{"start":{"line":29,"column":36},"end":{"line":29,"column":51}},"10":{"start":{"line":30,"column":28},"end":{"line":30,"column":31}},"11":{"start":{"line":33,"column":21},"end":{"line":45,"column":55}},"12":{"start":{"line":34,"column":4},"end":{"line":34,"column":25}},"13":{"start":{"line":34,"column":19},"end":{"line":34,"column":25}},"14":{"start":{"line":35,"column":4},"end":{"line":35,"column":null}},"15":{"start":{"line":37,"column":25},"end":{"line":37,"column":88}},"16":{"start":{"line":39,"column":4},"end":{"line":39,"column":null}},"17":{"start":{"line":40,"column":4},"end":{"line":40,"column":null}},"18":{"start":{"line":42,"column":4},"end":{"line":44,"column":null}},"19":{"start":{"line":43,"column":6},"end":{"line":43,"column":null}},"20":{"start":{"line":48,"column":2},"end":{"line":68,"column":null}},"21":{"start":{"line":49,"column":4},"end":{"line":49,"column":23}},"22":{"start":{"line":49,"column":17},"end":{"line":49,"column":23}},"23":{"start":{"line":51,"column":25},"end":{"line":53,"column":5}},"24":{"start":{"line":52,"column":6},"end":{"line":52,"column":null}},"25":{"start":{"line":52,"column":34},"end":{"line":52,"column":null}},"26":{"start":{"line":55,"column":27},"end":{"line":57,"column":5}},"27":{"start":{"line":56,"column":6},"end":{"line":56,"column":null}},"28":{"start":{"line":59,"column":4},"end":{"line":59,"column":null}},"29":{"start":{"line":61,"column":4},"end":{"line":61,"column":null}},"30":{"start":{"line":62,"column":4},"end":{"line":62,"column":null}},"31":{"start":{"line":64,"column":4},"end":{"line":67,"column":null}},"32":{"start":{"line":65,"column":6},"end":{"line":65,"column":null}},"33":{"start":{"line":66,"column":6},"end":{"line":66,"column":null}},"34":{"start":{"line":71,"column":2},"end":{"line":93,"column":null}},"35":{"start":{"line":72,"column":4},"end":{"line":92,"column":5}},"36":{"start":{"line":73,"column":29},"end":{"line":73,"column":85}},"37":{"start":{"line":75,"column":6},"end":{"line":75,"column":null}},"38":{"start":{"line":77,"column":6},"end":{"line":81,"column":7}},"39":{"start":{"line":78,"column":8},"end":{"line":78,"column":null}},"40":{"start":{"line":79,"column":8},"end":{"line":79,"column":null}},"41":{"start":{"line":80,"column":8},"end":{"line":80,"column":null}},"42":{"start":{"line":83,"column":6},"end":{"line":91,"column":null}},"43":{"start":{"line":84,"column":8},"end":{"line":84,"column":null}},"44":{"start":{"line":86,"column":8},"end":{"line":90,"column":9}},"45":{"start":{"line":87,"column":10},"end":{"line":87,"column":null}},"46":{"start":{"line":88,"column":10},"end":{"line":88,"column":null}},"47":{"start":{"line":89,"column":10},"end":{"line":89,"column":null}},"48":{"start":{"line":95,"column":2},"end":{"line":97,"column":null}},"49":{"start":{"line":96,"column":4},"end":{"line":96,"column":null}},"50":{"start":{"line":96,"column":16},"end":{"line":96,"column":null}},"51":{"start":{"line":99,"column":2},"end":{"line":99,"column":null}},"52":{"start":{"line":99,"column":15},"end":{"line":99,"column":null}},"53":{"start":{"line":102,"column":36},"end":{"line":104,"column":3}},"54":{"start":{"line":103,"column":4},"end":{"line":103,"column":null}},"55":{"start":{"line":107,"column":30},"end":{"line":112,"column":3}},"56":{"start":{"line":108,"column":4},"end":{"line":110,"column":5}},"57":{"start":{"line":109,"column":6},"end":{"line":109,"column":null}},"58":{"start":{"line":111,"column":4},"end":{"line":111,"column":null}},"59":{"start":{"line":114,"column":23},"end":{"line":114,"column":96}},"60":{"start":{"line":116,"column":2},"end":{"line":134,"column":null}},"61":{"start":{"line":127,"column":26},"end":{"line":127,"column":49}}},"fnMap":{"0":{"name":"Modal","decl":{"start":{"line":25,"column":16},"end":{"line":25,"column":21}},"loc":{"start":{"line":25,"column":134},"end":{"line":135,"column":1}}},"1":{"name":"(anonymous_2)","decl":{"start":{"line":33,"column":33},"end":{"line":33,"column":36}},"loc":{"start":{"line":33,"column":38},"end":{"line":45,"column":3}}},"2":{"name":"(anonymous_3)","decl":{"start":{"line":42,"column":15},"end":{"line":42,"column":18}},"loc":{"start":{"line":42,"column":20},"end":{"line":44,"column":5}}},"3":{"name":"(anonymous_4)","decl":{"start":{"line":48,"column":12},"end":{"line":48,"column":15}},"loc":{"start":{"line":48,"column":17},"end":{"line":68,"column":3}}},"4":{"name":"(anonymous_5)","decl":{"start":{"line":51,"column":25},"end":{"line":51,"column":26}},"loc":{"start":{"line":51,"column":50},"end":{"line":53,"column":5}}},"5":{"name":"(anonymous_6)","decl":{"start":{"line":55,"column":27},"end":{"line":55,"column":30}},"loc":{"start":{"line":55,"column":32},"end":{"line":57,"column":5}}},"6":{"name":"(anonymous_7)","decl":{"start":{"line":64,"column":11},"end":{"line":64,"column":14}},"loc":{"start":{"line":64,"column":16},"end":{"line":67,"column":5}}},"7":{"name":"(anonymous_8)","decl":{"start":{"line":71,"column":12},"end":{"line":71,"column":15}},"loc":{"start":{"line":71,"column":17},"end":{"line":93,"column":3}}},"8":{"name":"(anonymous_9)","decl":{"start":{"line":83,"column":13},"end":{"line":83,"column":16}},"loc":{"start":{"line":83,"column":18},"end":{"line":91,"column":7}}},"9":{"name":"(anonymous_10)","decl":{"start":{"line":95,"column":12},"end":{"line":95,"column":15}},"loc":{"start":{"line":95,"column":17},"end":{"line":97,"column":3}}},"10":{"name":"(anonymous_11)","decl":{"start":{"line":102,"column":36},"end":{"line":102,"column":37}},"loc":{"start":{"line":102,"column":82},"end":{"line":104,"column":3}}},"11":{"name":"(anonymous_12)","decl":{"start":{"line":107,"column":30},"end":{"line":107,"column":31}},"loc":{"start":{"line":107,"column":68},"end":{"line":112,"column":3}}},"12":{"name":"(anonymous_13)","decl":{"start":{"line":127,"column":17},"end":{"line":127,"column":22}},"loc":{"start":{"line":127,"column":26},"end":{"line":127,"column":49}}}},"branchMap":{"0":{"loc":{"start":{"line":25,"column":62},"end":{"line":25,"column":75}},"type":"default-arg","locations":[{"start":{"line":25,"column":71},"end":{"line":25,"column":75}}]},"1":{"loc":{"start":{"line":25,"column":77},"end":{"line":25,"column":96}},"type":"default-arg","locations":[{"start":{"line":25,"column":88},"end":{"line":25,"column":96}}]},"2":{"loc":{"start":{"line":25,"column":98},"end":{"line":25,"column":120}},"type":"default-arg","locations":[{"start":{"line":25,"column":116},"end":{"line":25,"column":120}}]},"3":{"loc":{"start":{"line":34,"column":4},"end":{"line":34,"column":25}},"type":"if","locations":[{"start":{"line":34,"column":4},"end":{"line":34,"column":25}},{"start":{},"end":{}}]},"4":{"loc":{"start":{"line":37,"column":25},"end":{"line":37,"column":88}},"type":"cond-expr","locations":[{"start":{"line":37,"column":48},"end":{"line":37,"column":66}},{"start":{"line":37,"column":69},"end":{"line":37,"column":88}}]},"5":{"loc":{"start":{"line":49,"column":4},"end":{"line":49,"column":23}},"type":"if","locations":[{"start":{"line":49,"column":4},"end":{"line":49,"column":23}},{"start":{},"end":{}}]},"6":{"loc":{"start":{"line":52,"column":6},"end":{"line":52,"column":null}},"type":"if","locations":[{"start":{"line":52,"column":6},"end":{"line":52,"column":null}},{"start":{},"end":{}}]},"7":{"loc":{"start":{"line":72,"column":4},"end":{"line":92,"column":5}},"type":"if","locations":[{"start":{"line":72,"column":4},"end":{"line":92,"column":5}},{"start":{},"end":{}}]},"8":{"loc":{"start":{"line":77,"column":6},"end":{"line":81,"column":7}},"type":"if","locations":[{"start":{"line":77,"column":6},"end":{"line":81,"column":7}},{"start":{},"end":{}}]},"9":{"loc":{"start":{"line":86,"column":8},"end":{"line":90,"column":9}},"type":"if","locations":[{"start":{"line":86,"column":8},"end":{"line":90,"column":9}},{"start":{},"end":{}}]},"10":{"loc":{"start":{"line":96,"column":4},"end":{"line":96,"column":null}},"type":"if","locations":[{"start":{"line":96,"column":4},"end":{"line":96,"column":null}},{"start":{},"end":{}}]},"11":{"loc":{"start":{"line":99,"column":2},"end":{"line":99,"column":null}},"type":"if","locations":[{"start":{"line":99,"column":2},"end":{"line":99,"column":null}},{"start":{},"end":{}}]},"12":{"loc":{"start":{"line":108,"column":4},"end":{"line":110,"column":5}},"type":"if","locations":[{"start":{"line":108,"column":4},"end":{"line":110,"column":5}},{"start":{},"end":{}}]},"13":{"loc":{"start":{"line":108,"column":8},"end":{"line":108,"column":77}},"type":"binary-expr","locations":[{"start":{"line":108,"column":8},"end":{"line":108,"column":44}},{"start":{"line":108,"column":48},"end":{"line":108,"column":77}}]},"14":{"loc":{"start":{"line":114,"column":23},"end":{"line":114,"column":96}},"type":"cond-expr","locations":[{"start":{"line":114,"column":46},"end":{"line":114,"column":69}},{"start":{"line":114,"column":72},"end":{"line":114,"column":96}}]},"15":{"loc":{"start":{"line":119,"column":43},"end":{"line":119,"column":81}},"type":"cond-expr","locations":[{"start":{"line":119,"column":55},"end":{"line":119,"column":76}},{"start":{"line":119,"column":79},"end":{"line":119,"column":81}}]},"16":{"loc":{"start":{"line":119,"column":85},"end":{"line":119,"column":100}},"type":"binary-expr","locations":[{"start":{"line":119,"column":85},"end":{"line":119,"column":94}},{"start":{"line":119,"column":98},"end":{"line":119,"column":100}}]},"17":{"loc":{"start":{"line":126,"column":58},"end":{"line":126,"column":140}},"type":"cond-expr","locations":[{"start":{"line":126,"column":71},"end":{"line":126,"column":134}},{"start":{"line":126,"column":138},"end":{"line":126,"column":140}}]},"18":{"loc":{"start":{"line":126,"column":71},"end":{"line":126,"column":134}},"type":"cond-expr","locations":[{"start":{"line":126,"column":94},"end":{"line":126,"column":112}},{"start":{"line":126,"column":115},"end":{"line":126,"column":134}}]},"19":{"loc":{"start":{"line":129,"column":9},"end":{"line":129,"column":116}},"type":"binary-expr","locations":[{"start":{"line":129,"column":9},"end":{"line":129,"column":24}},{"start":{"line":129,"column":28},"end":{"line":129,"column":116}}]}},"s":{"0":0,"1":0,"2":0,"3":0,"4":0,"5":0,"6":0,"7":0,"8":0,"9":0,"10":0,"11":0,"12":0,"13":0,"14":0,"15":0,"16":0,"17":0,"18":0,"19":0,"20":0,"21":0,"22":0,"23":0,"24":0,"25":0,"26":0,"27":0,"28":0,"29":0,"30":0,"31":0,"32":0,"33":0,"34":0,"35":0,"36":0,"37":0,"38":0,"39":0,"40":0,"41":0,"42":0,"43":0,"44":0,"45":0,"46":0,"47":0,"48":0,"49":0,"50":0,"51":0,"52":0,"53":0,"54":0,"55":0,"56":0,"57":0,"58":0,"59":0,"60":0,"61":0},"f":{"0":0,"1":0,"2":0,"3":0,"4":0,"5":0,"6":0,"7":0,"8":0,"9":0,"10":0,"11":0,"12":0},"b":{"0":[0],"1":[0],"2":[0],"3":[0,0],"4":[0,0],"5":[0,0],"6":[0,0],"7":[0,0],"8":[0,0],"9":[0,0],"10":[0,0],"11":[0,0],"12":[0,0],"13":[0,0],"14":[0,0],"15":[0,0],"16":[0,0],"17":[0,0],"18":[0,0],"19":[0,0]}}
,"C:\\Users\\gimad\\Desktop\\kursach\\ui-library\\src\\modal\\ModalProvider.tsx": {"path":"C:\\Users\\gimad\\Desktop\\kursach\\ui-library\\src\\modal\\ModalProvider.tsx","statementMap":{"0":{"start":{"line":30,"column":0},"end":{"line":30,"column":16}},"1":{"start":{"line":3,"column":0},"end":{"line":3,"column":63}},"2":{"start":{"line":5,"column":0},"end":{"line":5,"column":31}},"3":{"start":{"line":12,"column":13},"end":{"line":19,"column":null}},"4":{"start":{"line":14,"column":4},"end":{"line":14,"column":null}},"5":{"start":{"line":17,"column":4},"end":{"line":17,"column":null}},"6":{"start":{"line":31,"column":38},"end":{"line":31,"column":64}},"7":{"start":{"line":33,"column":20},"end":{"line":35,"column":3}},"8":{"start":{"line":34,"column":4},"end":{"line":34,"column":null}},"9":{"start":{"line":34,"column":35},"end":{"line":34,"column":88}},"10":{"start":{"line":37,"column":21},"end":{"line":39,"column":3}},"11":{"start":{"line":38,"column":4},"end":{"line":38,"column":null}},"12":{"start":{"line":38,"column":35},"end":{"line":38,"column":61}},"13":{"start":{"line":41,"column":2},"end":{"line":50,"column":null}},"14":{"start":{"line":45,"column":8},"end":{"line":45,"column":27}}},"fnMap":{"0":{"name":"(anonymous_0)","decl":{"start":{"line":13,"column":13},"end":{"line":13,"column":16}},"loc":{"start":{"line":13,"column":18},"end":{"line":15,"column":3}}},"1":{"name":"(anonymous_1)","decl":{"start":{"line":16,"column":14},"end":{"line":16,"column":17}},"loc":{"start":{"line":16,"column":19},"end":{"line":18,"column":3}}},"2":{"name":"ModalProvider","decl":{"start":{"line":30,"column":16},"end":{"line":30,"column":29}},"loc":{"start":{"line":30,"column":62},"end":{"line":51,"column":1}}},"3":{"name":"(anonymous_3)","decl":{"start":{"line":33,"column":20},"end":{"line":33,"column":21}},"loc":{"start":{"line":33,"column":87},"end":{"line":35,"column":3}}},"4":{"name":"(anonymous_4)","decl":{"start":{"line":34,"column":18},"end":{"line":34,"column":31}},"loc":{"start":{"line":34,"column":35},"end":{"line":34,"column":88}}},"5":{"name":"(anonymous_5)","decl":{"start":{"line":37,"column":21},"end":{"line":37,"column":24}},"loc":{"start":{"line":37,"column":26},"end":{"line":39,"column":3}}},"6":{"name":"(anonymous_6)","decl":{"start":{"line":38,"column":18},"end":{"line":38,"column":31}},"loc":{"start":{"line":38,"column":35},"end":{"line":38,"column":61}}},"7":{"name":"(anonymous_7)","decl":{"start":{"line":44,"column":22},"end":{"line":44,"column":23}},"loc":{"start":{"line":45,"column":8},"end":{"line":45,"column":27}}}},"branchMap":{"0":{"loc":{"start":{"line":33,"column":44},"end":{"line":33,"column":83}},"type":"default-arg","locations":[{"start":{"line":33,"column":75},"end":{"line":33,"column":83}}]}},"s":{"0":0,"1":0,"2":0,"3":0,"4":0,"5":0,"6":0,"7":0,"8":0,"9":0,"10":0,"11":0,"12":0,"13":0,"14":0},"f":{"0":0,"1":0,"2":0,"3":0,"4":0,"5":0,"6":0,"7":0},"b":{"0":[0]}}
,"C:\\Users\\gimad\\Desktop\\kursach\\ui-library\\src\\photo-upload\\PhotoUpload.tsx": {"path":"C:\\Users\\gimad\\Desktop\\kursach\\ui-library\\src\\photo-upload\\PhotoUpload.tsx","statementMap":{"0":{"start":{"line":23,"column":0},"end":{"line":23,"column":16}},"1":{"start":{"line":4,"column":0},"end":{"line":4,"column":30}},"2":{"start":{"line":7,"column":0},"end":{"line":7,"column":23}},"3":{"start":{"line":8,"column":0},"end":{"line":8,"column":52}},"4":{"start":{"line":10,"column":0},"end":{"line":10,"column":45}},"5":{"start":{"line":24,"column":19},"end":{"line":24,"column":49}},"6":{"start":{"line":25,"column":23},"end":{"line":29,"column":3}},"7":{"start":{"line":26,"column":4},"end":{"line":26,"column":null}},"8":{"start":{"line":27,"column":4},"end":{"line":27,"column":null}},"9":{"start":{"line":28,"column":4},"end":{"line":28,"column":null}},"10":{"start":{"line":28,"column":18},"end":{"line":28,"column":null}},"11":{"start":{"line":30,"column":24},"end":{"line":37,"column":3}},"12":{"start":{"line":31,"column":4},"end":{"line":31,"column":null}},"13":{"start":{"line":32,"column":4},"end":{"line":32,"column":null}},"14":{"start":{"line":34,"column":4},"end":{"line":36,"column":5}},"15":{"start":{"line":35,"column":6},"end":{"line":35,"column":null}},"16":{"start":{"line":38,"column":29},"end":{"line":42,"column":3}},"17":{"start":{"line":39,"column":4},"end":{"line":41,"column":5}},"18":{"start":{"line":40,"column":6},"end":{"line":40,"column":null}},"19":{"start":{"line":44,"column":2},"end":{"line":75,"column":null}}},"fnMap":{"0":{"name":"PhotoUpload","decl":{"start":{"line":23,"column":16},"end":{"line":23,"column":27}},"loc":{"start":{"line":23,"column":167},"end":{"line":76,"column":1}}},"1":{"name":"(anonymous_2)","decl":{"start":{"line":25,"column":23},"end":{"line":25,"column":24}},"loc":{"start":{"line":25,"column":60},"end":{"line":29,"column":3}}},"2":{"name":"(anonymous_3)","decl":{"start":{"line":30,"column":24},"end":{"line":30,"column":25}},"loc":{"start":{"line":30,"column":61},"end":{"line":37,"column":3}}},"3":{"name":"(anonymous_4)","decl":{"start":{"line":38,"column":29},"end":{"line":38,"column":32}},"loc":{"start":{"line":38,"column":34},"end":{"line":42,"column":3}}}},"branchMap":{"0":{"loc":{"start":{"line":23,"column":40},"end":{"line":23,"column":64}},"type":"default-arg","locations":[{"start":{"line":23,"column":48},"end":{"line":23,"column":64}}]},"1":{"loc":{"start":{"line":23,"column":66},"end":{"line":23,"column":84}},"type":"default-arg","locations":[{"start":{"line":23,"column":75},"end":{"line":23,"column":84}}]},"2":{"loc":{"start":{"line":23,"column":86},"end":{"line":23,"column":102}},"type":"default-arg","locations":[{"start":{"line":23,"column":97},"end":{"line":23,"column":102}}]},"3":{"loc":{"start":{"line":23,"column":134},"end":{"line":23,"column":147}},"type":"default-arg","locations":[{"start":{"line":23,"column":142},"end":{"line":23,"column":147}}]},"4":{"loc":{"start":{"line":28,"column":4},"end":{"line":28,"column":null}},"type":"if","locations":[{"start":{"line":28,"column":4},"end":{"line":28,"column":null}},{"start":{},"end":{}}]},"5":{"loc":{"start":{"line":34,"column":4},"end":{"line":36,"column":5}},"type":"if","locations":[{"start":{"line":34,"column":4},"end":{"line":36,"column":5}},{"start":{},"end":{}}]},"6":{"loc":{"start":{"line":39,"column":4},"end":{"line":41,"column":5}},"type":"if","locations":[{"start":{"line":39,"column":4},"end":{"line":41,"column":5}},{"start":{},"end":{}}]},"7":{"loc":{"start":{"line":39,"column":8},"end":{"line":39,"column":29}},"type":"binary-expr","locations":[{"start":{"line":39,"column":8},"end":{"line":39,"column":16}},{"start":{"line":39,"column":20},"end":{"line":39,"column":29}}]},"8":{"loc":{"start":{"line":47,"column":50},"end":{"line":47,"column":76}},"type":"binary-expr","locations":[{"start":{"line":47,"column":50},"end":{"line":47,"column":58}},{"start":{"line":47,"column":62},"end":{"line":47,"column":76}}]},"9":{"loc":{"start":{"line":47,"column":78},"end":{"line":47,"column":105}},"type":"binary-expr","locations":[{"start":{"line":47,"column":78},"end":{"line":47,"column":85}},{"start":{"line":47,"column":89},"end":{"line":47,"column":105}}]},"10":{"loc":{"start":{"line":47,"column":107},"end":{"line":47,"column":127}},"type":"binary-expr","locations":[{"start":{"line":47,"column":107},"end":{"line":47,"column":112}},{"start":{"line":47,"column":116},"end":{"line":47,"column":127}}]},"11":{"loc":{"start":{"line":49,"column":18},"end":{"line":49,"column":42}},"type":"cond-expr","locations":[{"start":{"line":49,"column":29},"end":{"line":49,"column":38}},{"start":{"line":49,"column":41},"end":{"line":49,"column":42}}]},"12":{"loc":{"start":{"line":51,"column":9},"end":{"line":70,"column":null}},"type":"cond-expr","locations":[{"start":{"line":52,"column":10},"end":{"line":64,"column":null}},{"start":{"line":67,"column":10},"end":{"line":69,"column":null}}]},"13":{"loc":{"start":{"line":55,"column":13},"end":{"line":63,"column":null}},"type":"binary-expr","locations":[{"start":{"line":55,"column":13},"end":{"line":55,"column":22}},{"start":{"line":56,"column":14},"end":{"line":62,"column":null}}]}},"s":{"0":0,"1":0,"2":0,"3":0,"4":0,"5":0,"6":0,"7":0,"8":0,"9":0,"10":0,"11":0,"12":0,"13":0,"14":0,"15":0,"16":0,"17":0,"18":0,"19":0},"f":{"0":0,"1":0,"2":0,"3":0},"b":{"0":[0],"1":[0],"2":[0],"3":[0],"4":[0,0],"5":[0,0],"6":[0,0],"7":[0,0],"8":[0,0],"9":[0,0],"10":[0,0],"11":[0,0],"12":[0,0],"13":[0,0]}}
,"C:\\Users\\gimad\\Desktop\\kursach\\ui-library\\src\\radio\\Radio.tsx": {"path":"C:\\Users\\gimad\\Desktop\\kursach\\ui-library\\src\\radio\\Radio.tsx","statementMap":{"0":{"start":{"line":18,"column":0},"end":{"line":18,"column":16}},"1":{"start":{"line":49,"column":0},"end":{"line":49,"column":16}},"2":{"start":{"line":5,"column":0},"end":{"line":5,"column":23}},"3":{"start":{"line":7,"column":0},"end":{"line":7,"column":40}},"4":{"start":{"line":26,"column":2},"end":{"line":38,"column":null}},"5":{"start":{"line":32,"column":24},"end":{"line":32,"column":52}},"6":{"start":{"line":56,"column":2},"end":{"line":69,"column":null}},"7":{"start":{"line":59,"column":8},"end":{"line":60,"column":null}}},"fnMap":{"0":{"name":"Radio","decl":{"start":{"line":18,"column":16},"end":{"line":18,"column":21}},"loc":{"start":{"line":25,"column":16},"end":{"line":39,"column":1}}},"1":{"name":"(anonymous_2)","decl":{"start":{"line":32,"column":18},"end":{"line":32,"column":21}},"loc":{"start":{"line":32,"column":24},"end":{"line":32,"column":52}}},"2":{"name":"RadioGroup","decl":{"start":{"line":49,"column":16},"end":{"line":49,"column":26}},"loc":{"start":{"line":55,"column":21},"end":{"line":70,"column":1}}},"3":{"name":"(anonymous_4)","decl":{"start":{"line":58,"column":19},"end":{"line":58,"column":20}},"loc":{"start":{"line":59,"column":8},"end":{"line":60,"column":null}}}},"branchMap":{"0":{"loc":{"start":{"line":24,"column":2},"end":{"line":24,"column":18}},"type":"default-arg","locations":[{"start":{"line":24,"column":13},"end":{"line":24,"column":18}}]},"1":{"loc":{"start":{"line":32,"column":24},"end":{"line":32,"column":52}},"type":"binary-expr","locations":[{"start":{"line":32,"column":24},"end":{"line":32,"column":33}},{"start":{"line":32,"column":37},"end":{"line":32,"column":52}}]},"2":{"loc":{"start":{"line":54,"column":2},"end":{"line":54,"column":18}},"type":"default-arg","locations":[{"start":{"line":54,"column":13},"end":{"line":54,"column":18}}]}},"s":{"0":0,"1":0,"2":0,"3":0,"4":0,"5":0,"6":0,"7":0},"f":{"0":0,"1":0,"2":0,"3":0},"b":{"0":[0],"1":[0,0],"2":[0]}}
,"C:\\Users\\gimad\\Desktop\\kursach\\ui-library\\src\\radio-button\\RadioButton.tsx": {"path":"C:\\Users\\gimad\\Desktop\\kursach\\ui-library\\src\\radio-button\\RadioButton.tsx","statementMap":{"0":{"start":{"line":16,"column":0},"end":{"line":16,"column":16}},"1":{"start":{"line":3,"column":0},"end":{"line":3,"column":41}},"2":{"start":{"line":5,"column":0},"end":{"line":5,"column":23}},"3":{"start":{"line":7,"column":0},"end":{"line":7,"column":45}},"4":{"start":{"line":17,"column":20},"end":{"line":17,"column":48}},"5":{"start":{"line":18,"column":21},"end":{"line":18,"column":52}},"6":{"start":{"line":20,"column":2},"end":{"line":33,"column":null}},"7":{"start":{"line":21,"column":18},"end":{"line":21,"column":60}},"8":{"start":{"line":21,"column":43},"end":{"line":21,"column":59}},"9":{"start":{"line":23,"column":4},"end":{"line":32,"column":5}},"10":{"start":{"line":24,"column":18},"end":{"line":24,"column":43}},"11":{"start":{"line":25,"column":19},"end":{"line":25,"column":33}},"12":{"start":{"line":26,"column":20},"end":{"line":26,"column":35}},"13":{"start":{"line":28,"column":6},"end":{"line":31,"column":7}},"14":{"start":{"line":29,"column":8},"end":{"line":29,"column":null}},"15":{"start":{"line":30,"column":8},"end":{"line":30,"column":null}},"16":{"start":{"line":35,"column":2},"end":{"line":52,"column":null}},"17":{"start":{"line":38,"column":8},"end":{"line":40,"column":null}},"18":{"start":{"line":42,"column":12},"end":{"line":42,"column":null}},"19":{"start":{"line":42,"column":20},"end":{"line":42,"column":null}},"20":{"start":{"line":45,"column":25},"end":{"line":45,"column":38}}},"fnMap":{"0":{"name":"RadioButton","decl":{"start":{"line":16,"column":16},"end":{"line":16,"column":27}},"loc":{"start":{"line":16,"column":90},"end":{"line":53,"column":1}}},"1":{"name":"(anonymous_2)","decl":{"start":{"line":20,"column":12},"end":{"line":20,"column":15}},"loc":{"start":{"line":20,"column":17},"end":{"line":33,"column":3}}},"2":{"name":"(anonymous_3)","decl":{"start":{"line":21,"column":36},"end":{"line":21,"column":39}},"loc":{"start":{"line":21,"column":43},"end":{"line":21,"column":59}}},"3":{"name":"(anonymous_4)","decl":{"start":{"line":37,"column":19},"end":{"line":37,"column":20}},"loc":{"start":{"line":38,"column":8},"end":{"line":40,"column":null}}},"4":{"name":"(anonymous_5)","decl":{"start":{"line":41,"column":15},"end":{"line":41,"column":17}},"loc":{"start":{"line":41,"column":20},"end":{"line":43,"column":11}}},"5":{"name":"(anonymous_6)","decl":{"start":{"line":45,"column":19},"end":{"line":45,"column":22}},"loc":{"start":{"line":45,"column":25},"end":{"line":45,"column":38}}}},"branchMap":{"0":{"loc":{"start":{"line":23,"column":4},"end":{"line":32,"column":5}},"type":"if","locations":[{"start":{"line":23,"column":4},"end":{"line":32,"column":5}},{"start":{},"end":{}}]},"1":{"loc":{"start":{"line":23,"column":8},"end":{"line":23,"column":49}},"type":"binary-expr","locations":[{"start":{"line":23,"column":8},"end":{"line":23,"column":20}},{"start":{"line":23,"column":24},"end":{"line":23,"column":49}}]},"2":{"loc":{"start":{"line":28,"column":6},"end":{"line":31,"column":7}},"type":"if","locations":[{"start":{"line":28,"column":6},"end":{"line":31,"column":7}},{"start":{},"end":{}}]},"3":{"loc":{"start":{"line":42,"column":12},"end":{"line":42,"column":null}},"type":"if","locations":[{"start":{"line":42,"column":12},"end":{"line":42,"column":null}},{"start":{},"end":{}}]},"4":{"loc":{"start":{"line":44,"column":40},"end":{"line":44,"column":84}},"type":"cond-expr","locations":[{"start":{"line":44,"column":59},"end":{"line":44,"column":79}},{"start":{"line":44,"column":82},"end":{"line":44,"column":84}}]}},"s":{"0":0,"1":0,"2":0,"3":0,"4":0,"5":0,"6":0,"7":0,"8":0,"9":0,"10":0,"11":0,"12":0,"13":0,"14":0,"15":0,"16":0,"17":0,"18":0,"19":0,"20":0},"f":{"0":0,"1":0,"2":0,"3":0,"4":0,"5":0},"b":{"0":[0,0],"1":[0,0],"2":[0,0],"3":[0,0],"4":[0,0]}}
,"C:\\Users\\gimad\\Desktop\\kursach\\ui-library\\src\\select\\Select.tsx": {"path":"C:\\Users\\gimad\\Desktop\\kursach\\ui-library\\src\\select\\Select.tsx","statementMap":{"0":{"start":{"line":22,"column":0},"end":{"line":22,"column":16}},"1":{"start":{"line":3,"column":0},"end":{"line":3,"column":58}},"2":{"start":{"line":5,"column":0},"end":{"line":5,"column":23}},"3":{"start":{"line":7,"column":0},"end":{"line":7,"column":41}},"4":{"start":{"line":34,"column":30},"end":{"line":34,"column":45}},"5":{"start":{"line":35,"column":34},"end":{"line":35,"column":49}},"6":{"start":{"line":36,"column":44},"end":{"line":36,"column":56}},"7":{"start":{"line":37,"column":18},"end":{"line":37,"column":46}},"8":{"start":{"line":38,"column":19},"end":{"line":38,"column":49}},"9":{"start":{"line":40,"column":23},"end":{"line":40,"column":43}},"10":{"start":{"line":42,"column":2},"end":{"line":53,"column":null}},"11":{"start":{"line":43,"column":31},"end":{"line":48,"column":5}},"12":{"start":{"line":44,"column":6},"end":{"line":47,"column":7}},"13":{"start":{"line":45,"column":8},"end":{"line":45,"column":null}},"14":{"start":{"line":46,"column":8},"end":{"line":46,"column":null}},"15":{"start":{"line":50,"column":4},"end":{"line":50,"column":null}},"16":{"start":{"line":52,"column":4},"end":{"line":52,"column":null}},"17":{"start":{"line":52,"column":17},"end":{"line":52,"column":78}},"18":{"start":{"line":55,"column":2},"end":{"line":59,"column":null}},"19":{"start":{"line":56,"column":4},"end":{"line":58,"column":5}},"20":{"start":{"line":57,"column":6},"end":{"line":57,"column":null}},"21":{"start":{"line":61,"column":23},"end":{"line":65,"column":3}},"22":{"start":{"line":62,"column":4},"end":{"line":62,"column":null}},"23":{"start":{"line":63,"column":4},"end":{"line":63,"column":null}},"24":{"start":{"line":64,"column":4},"end":{"line":64,"column":null}},"25":{"start":{"line":67,"column":25},"end":{"line":70,"column":3}},"26":{"start":{"line":68,"column":4},"end":{"line":68,"column":null}},"27":{"start":{"line":69,"column":4},"end":{"line":69,"column":null}},"28":{"start":{"line":72,"column":26},"end":{"line":82,"column":3}},"29":{"start":{"line":73,"column":4},"end":{"line":81,"column":5}},"30":{"start":{"line":74,"column":22},"end":{"line":74,"column":42}},"31":{"start":{"line":76,"column":6},"end":{"line":78,"column":7}},"32":{"start":{"line":77,"column":8},"end":{"line":77,"column":null}},"33":{"start":{"line":79,"column":6},"end":{"line":79,"column":null}},"34":{"start":{"line":80,"column":6},"end":{"line":80,"column":null}},"35":{"start":{"line":84,"column":2},"end":{"line":178,"column":null}},"36":{"start":{"line":95,"column":23},"end":{"line":95,"column":54}},"37":{"start":{"line":100,"column":10},"end":{"line":104,"column":11}},"38":{"start":{"line":101,"column":12},"end":{"line":101,"column":null}},"39":{"start":{"line":102,"column":12},"end":{"line":103,"column":null}},"40":{"start":{"line":103,"column":14},"end":{"line":103,"column":null}},"41":{"start":{"line":130,"column":27},"end":{"line":130,"column":43}},"42":{"start":{"line":137,"column":12},"end":{"line":138,"column":null}},"43":{"start":{"line":142,"column":29},"end":{"line":142,"column":49}},"44":{"start":{"line":167,"column":33},"end":{"line":167,"column":65}}},"fnMap":{"0":{"name":"Select","decl":{"start":{"line":22,"column":16},"end":{"line":22,"column":22}},"loc":{"start":{"line":33,"column":14},"end":{"line":179,"column":1}}},"1":{"name":"(anonymous_11)","decl":{"start":{"line":42,"column":12},"end":{"line":42,"column":15}},"loc":{"start":{"line":42,"column":17},"end":{"line":53,"column":3}}},"2":{"name":"(anonymous_12)","decl":{"start":{"line":43,"column":31},"end":{"line":43,"column":32}},"loc":{"start":{"line":43,"column":49},"end":{"line":48,"column":5}}},"3":{"name":"(anonymous_13)","decl":{"start":{"line":52,"column":11},"end":{"line":52,"column":14}},"loc":{"start":{"line":52,"column":17},"end":{"line":52,"column":78}}},"4":{"name":"(anonymous_14)","decl":{"start":{"line":55,"column":12},"end":{"line":55,"column":15}},"loc":{"start":{"line":55,"column":17},"end":{"line":59,"column":3}}},"5":{"name":"(anonymous_15)","decl":{"start":{"line":61,"column":23},"end":{"line":61,"column":24}},"loc":{"start":{"line":61,"column":42},"end":{"line":65,"column":3}}},"6":{"name":"(anonymous_16)","decl":{"start":{"line":67,"column":25},"end":{"line":67,"column":28}},"loc":{"start":{"line":67,"column":30},"end":{"line":70,"column":3}}},"7":{"name":"(anonymous_17)","decl":{"start":{"line":72,"column":26},"end":{"line":72,"column":27}},"loc":{"start":{"line":72,"column":71},"end":{"line":82,"column":3}}},"8":{"name":"(anonymous_18)","decl":{"start":{"line":95,"column":17},"end":{"line":95,"column":20}},"loc":{"start":{"line":95,"column":23},"end":{"line":95,"column":54}}},"9":{"name":"(anonymous_19)","decl":{"start":{"line":99,"column":19},"end":{"line":99,"column":20}},"loc":{"start":{"line":99,"column":25},"end":{"line":105,"column":9}}},"10":{"name":"(anonymous_20)","decl":{"start":{"line":130,"column":21},"end":{"line":130,"column":24}},"loc":{"start":{"line":130,"column":27},"end":{"line":130,"column":43}}},"11":{"name":"(anonymous_21)","decl":{"start":{"line":136,"column":23},"end":{"line":136,"column":24}},"loc":{"start":{"line":137,"column":12},"end":{"line":138,"column":null}}},"12":{"name":"(anonymous_22)","decl":{"start":{"line":142,"column":23},"end":{"line":142,"column":26}},"loc":{"start":{"line":142,"column":29},"end":{"line":142,"column":49}}},"13":{"name":"(anonymous_23)","decl":{"start":{"line":167,"column":26},"end":{"line":167,"column":27}},"loc":{"start":{"line":167,"column":33},"end":{"line":167,"column":65}}}},"branchMap":{"0":{"loc":{"start":{"line":26,"column":2},"end":{"line":26,"column":26}},"type":"default-arg","locations":[{"start":{"line":26,"column":16},"end":{"line":26,"column":26}}]},"1":{"loc":{"start":{"line":28,"column":2},"end":{"line":28,"column":18}},"type":"default-arg","locations":[{"start":{"line":28,"column":13},"end":{"line":28,"column":18}}]},"2":{"loc":{"start":{"line":29,"column":2},"end":{"line":29,"column":21}},"type":"default-arg","locations":[{"start":{"line":29,"column":16},"end":{"line":29,"column":21}}]},"3":{"loc":{"start":{"line":31,"column":2},"end":{"line":31,"column":15}},"type":"default-arg","locations":[{"start":{"line":31,"column":10},"end":{"line":31,"column":15}}]},"4":{"loc":{"start":{"line":40,"column":23},"end":{"line":40,"column":43}},"type":"binary-expr","locations":[{"start":{"line":40,"column":23},"end":{"line":40,"column":28}},{"start":{"line":40,"column":32},"end":{"line":40,"column":43}}]},"5":{"loc":{"start":{"line":44,"column":6},"end":{"line":47,"column":7}},"type":"if","locations":[{"start":{"line":44,"column":6},"end":{"line":47,"column":7}},{"start":{},"end":{}}]},"6":{"loc":{"start":{"line":44,"column":10},"end":{"line":44,"column":72}},"type":"binary-expr","locations":[{"start":{"line":44,"column":10},"end":{"line":44,"column":25}},{"start":{"line":44,"column":29},"end":{"line":44,"column":72}}]},"7":{"loc":{"start":{"line":56,"column":4},"end":{"line":58,"column":5}},"type":"if","locations":[{"start":{"line":56,"column":4},"end":{"line":58,"column":5}},{"start":{},"end":{}}]},"8":{"loc":{"start":{"line":56,"column":8},"end":{"line":56,"column":36}},"type":"binary-expr","locations":[{"start":{"line":56,"column":8},"end":{"line":56,"column":16}},{"start":{"line":56,"column":20},"end":{"line":56,"column":36}}]},"9":{"loc":{"start":{"line":73,"column":4},"end":{"line":81,"column":5}},"type":"if","locations":[{"start":{"line":73,"column":4},"end":{"line":81,"column":5}},{"start":{},"end":{}}]},"10":{"loc":{"start":{"line":76,"column":6},"end":{"line":78,"column":7}},"type":"if","locations":[{"start":{"line":76,"column":6},"end":{"line":78,"column":7}},{"start":{},"end":{}}]},"11":{"loc":{"start":{"line":76,"column":10},"end":{"line":76,"column":29}},"type":"binary-expr","locations":[{"start":{"line":76,"column":10},"end":{"line":76,"column":17}},{"start":{"line":76,"column":21},"end":{"line":76,"column":29}}]},"12":{"loc":{"start":{"line":95,"column":23},"end":{"line":95,"column":54}},"type":"binary-expr","locations":[{"start":{"line":95,"column":23},"end":{"line":95,"column":32}},{"start":{"line":95,"column":36},"end":{"line":95,"column":54}}]},"13":{"loc":{"start":{"line":96,"column":18},"end":{"line":96,"column":35}},"type":"cond-expr","locations":[{"start":{"line":96,"column":29},"end":{"line":96,"column":31}},{"start":{"line":96,"column":34},"end":{"line":96,"column":35}}]},"14":{"loc":{"start":{"line":100,"column":10},"end":{"line":104,"column":11}},"type":"if","locations":[{"start":{"line":100,"column":10},"end":{"line":104,"column":11}},{"start":{},"end":{}}]},"15":{"loc":{"start":{"line":100,"column":14},"end":{"line":100,"column":48}},"type":"binary-expr","locations":[{"start":{"line":100,"column":14},"end":{"line":100,"column":31}},{"start":{"line":100,"column":35},"end":{"line":100,"column":48}}]},"16":{"loc":{"start":{"line":102,"column":12},"end":{"line":103,"column":null}},"type":"if","locations":[{"start":{"line":102,"column":12},"end":{"line":103,"column":null}},{"start":{},"end":{}}]},"17":{"loc":{"start":{"line":126,"column":7},"end":{"line":173,"column":null}},"type":"binary-expr","locations":[{"start":{"line":126,"column":7},"end":{"line":126,"column":13}},{"start":{"line":127,"column":8},"end":{"line":172,"column":null}}]},"18":{"loc":{"start":{"line":150,"column":11},"end":{"line":157,"column":null}},"type":"binary-expr","locations":[{"start":{"line":150,"column":11},"end":{"line":150,"column":22}},{"start":{"line":150,"column":26},"end":{"line":150,"column":35}},{"start":{"line":151,"column":12},"end":{"line":154,"column":null}}]},"19":{"loc":{"start":{"line":160,"column":11},"end":{"line":171,"column":null}},"type":"binary-expr","locations":[{"start":{"line":160,"column":11},"end":{"line":160,"column":22}},{"start":{"line":160,"column":26},"end":{"line":160,"column":34}},{"start":{"line":161,"column":12},"end":{"line":170,"column":null}}]},"20":{"loc":{"start":{"line":176,"column":7},"end":{"line":176,"column":85}},"type":"binary-expr","locations":[{"start":{"line":176,"column":7},"end":{"line":176,"column":12}},{"start":{"line":176,"column":16},"end":{"line":176,"column":28}},{"start":{"line":176,"column":32},"end":{"line":176,"column":85}}]}},"s":{"0":0,"1":0,"2":0,"3":0,"4":0,"5":0,"6":0,"7":0,"8":0,"9":0,"10":0,"11":0,"12":0,"13":0,"14":0,"15":0,"16":0,"17":0,"18":0,"19":0,"20":0,"21":0,"22":0,"23":0,"24":0,"25":0,"26":0,"27":0,"28":0,"29":0,"30":0,"31":0,"32":0,"33":0,"34":0,"35":0,"36":0,"37":0,"38":0,"39":0,"40":0,"41":0,"42":0,"43":0,"44":0},"f":{"0":0,"1":0,"2":0,"3":0,"4":0,"5":0,"6":0,"7":0,"8":0,"9":0,"10":0,"11":0,"12":0,"13":0},"b":{"0":[0],"1":[0],"2":[0],"3":[0],"4":[0,0],"5":[0,0],"6":[0,0],"7":[0,0],"8":[0,0],"9":[0,0],"10":[0,0],"11":[0,0],"12":[0,0],"13":[0,0],"14":[0,0],"15":[0,0],"16":[0,0],"17":[0,0],"18":[0,0,0],"19":[0,0,0],"20":[0,0,0]}}
,"C:\\Users\\gimad\\Desktop\\kursach\\ui-library\\src\\textarea\\Textarea.tsx": {"path":"C:\\Users\\gimad\\Desktop\\kursach\\ui-library\\src\\textarea\\Textarea.tsx","statementMap":{"0":{"start":{"line":20,"column":0},"end":{"line":20,"column":16}},"1":{"start":{"line":4,"column":0},"end":{"line":4,"column":23}},"2":{"start":{"line":6,"column":0},"end":{"line":6,"column":42}},"3":{"start":{"line":21,"column":24},"end":{"line":21,"column":105}},"4":{"start":{"line":23,"column":2},"end":{"line":37,"column":null}}},"fnMap":{"0":{"name":"Textarea","decl":{"start":{"line":20,"column":16},"end":{"line":20,"column":24}},"loc":{"start":{"line":20,"column":160},"end":{"line":38,"column":1}}}},"branchMap":{"0":{"loc":{"start":{"line":20,"column":44},"end":{"line":20,"column":60}},"type":"default-arg","locations":[{"start":{"line":20,"column":58},"end":{"line":20,"column":60}}]},"1":{"loc":{"start":{"line":20,"column":62},"end":{"line":20,"column":70}},"type":"default-arg","locations":[{"start":{"line":20,"column":69},"end":{"line":20,"column":70}}]},"2":{"loc":{"start":{"line":20,"column":78},"end":{"line":20,"column":94}},"type":"default-arg","locations":[{"start":{"line":20,"column":89},"end":{"line":20,"column":94}}]},"3":{"loc":{"start":{"line":20,"column":107},"end":{"line":20,"column":120}},"type":"default-arg","locations":[{"start":{"line":20,"column":115},"end":{"line":20,"column":120}}]},"4":{"loc":{"start":{"line":21,"column":56},"end":{"line":21,"column":82}},"type":"binary-expr","locations":[{"start":{"line":21,"column":56},"end":{"line":21,"column":64}},{"start":{"line":21,"column":68},"end":{"line":21,"column":82}}]},"5":{"loc":{"start":{"line":21,"column":84},"end":{"line":21,"column":104}},"type":"binary-expr","locations":[{"start":{"line":21,"column":84},"end":{"line":21,"column":89}},{"start":{"line":21,"column":93},"end":{"line":21,"column":104}}]},"6":{"loc":{"start":{"line":35,"column":7},"end":{"line":35,"column":79}},"type":"binary-expr","locations":[{"start":{"line":35,"column":7},"end":{"line":35,"column":19}},{"start":{"line":35,"column":23},"end":{"line":35,"column":79}}]}},"s":{"0":1,"1":1,"2":1,"3":9,"4":9},"f":{"0":9},"b":{"0":[8],"1":[8],"2":[8],"3":[8],"4":[9,1],"5":[9,1],"6":[9,1]}}
}
