TN:
SF:src\index.ts
FN:3,(anonymous_0)
FN:6,(anonymous_1)
FN:9,(anonymous_2)
FN:12,(anonymous_3)
FN:15,(anonymous_4)
FN:18,(anonymous_5)
FN:18,(anonymous_6)
FN:21,(anonymous_7)
FN:24,(anonymous_8)
FN:27,(anonymous_9)
FN:30,(anonymous_10)
FN:30,(anonymous_11)
FNF:12
FNH:0
FNDA:0,(anonymous_0)
FNDA:0,(anonymous_1)
FNDA:0,(anonymous_2)
FNDA:0,(anonymous_3)
FNDA:0,(anonymous_4)
FNDA:0,(anonymous_5)
FNDA:0,(anonymous_6)
FNDA:0,(anonymous_7)
FNDA:0,(anonymous_8)
FNDA:0,(anonymous_9)
FNDA:0,(anonymous_10)
FNDA:0,(anonymous_11)
DA:3,0
DA:6,0
DA:9,0
DA:12,0
DA:15,0
DA:18,0
DA:21,0
DA:24,0
DA:27,0
DA:30,0
LF:10
LH:0
BRF:0
BRH:0
end_of_record
TN:
SF:src\utils.ts
FN:1,getErrorMessage
FN:5,resolveImageSrc
FN:13,(anonymous_2)
FN:15,(anonymous_3)
FNF:4
FNH:0
FNDA:0,getErrorMessage
FNDA:0,resolveImageSrc
FNDA:0,(anonymous_2)
FNDA:0,(anonymous_3)
DA:1,0
DA:2,0
DA:5,0
DA:6,0
DA:7,0
DA:8,0
DA:9,0
DA:11,0
DA:13,0
DA:15,0
DA:16,0
LF:11
LH:0
BRDA:2,0,0,0
BRDA:2,0,1,0
BRDA:6,1,0,0
BRDA:6,1,1,0
BRDA:7,2,0,0
BRDA:7,2,1,0
BRDA:7,3,0,0
BRDA:7,3,1,0
BRDA:7,3,2,0
BRDA:7,3,3,0
BRDA:8,4,0,0
BRDA:8,4,1,0
BRDA:13,5,0,0
BRDA:13,5,1,0
BRF:14
BRH:0
end_of_record
TN:
SF:src\button\Button.tsx
FN:17,Button
FNF:1
FNH:1
FNDA:21,Button
DA:3,1
DA:5,1
DA:17,1
DA:18,21
DA:20,21
LF:5
LH:5
BRDA:17,0,0,18
BRDA:17,1,0,0
BRDA:17,2,0,18
BRDA:17,3,0,17
BRDA:18,4,0,21
BRDA:18,4,1,18
BRDA:22,5,0,21
BRDA:22,5,1,3
BRF:8
BRH:7
end_of_record
TN:
SF:src\checkbox\Checkbox.tsx
FN:20,(anonymous_1)
FN:21,(anonymous_2)
FN:37,(anonymous_3)
FNF:3
FNH:3
FNDA:14,(anonymous_1)
FNDA:3,(anonymous_2)
FNDA:2,(anonymous_3)
DA:7,1
DA:8,1
DA:10,1
DA:20,1
DA:21,14
DA:22,3
DA:24,3
DA:25,2
DA:29,14
DA:38,2
DA:39,2
DA:40,2
LF:12
LH:12
BRDA:20,0,0,10
BRDA:24,1,0,2
BRDA:24,1,1,1
BRDA:36,2,0,4
BRDA:36,2,1,10
BRDA:38,3,0,2
BRDA:38,3,1,0
BRDA:38,4,0,2
BRDA:38,4,1,2
BRDA:38,4,2,1
BRDA:48,5,0,14
BRDA:48,5,1,1
BRF:12
BRH:11
end_of_record
TN:
SF:src\input\Input.tsx
FN:15,(anonymous_10)
FN:23,(anonymous_11)
FN:23,(anonymous_12)
FNF:3
FNH:3
FNDA:13,(anonymous_10)
FNDA:2,(anonymous_11)
FNDA:2,(anonymous_12)
DA:1,1
DA:3,1
DA:4,1
DA:6,1
DA:14,1
DA:16,13
DA:17,13
DA:19,13
DA:22,13
DA:23,2
DA:28,13
DA:42,1
LF:12
LH:12
BRDA:15,0,0,9
BRDA:15,1,0,0
BRDA:15,2,0,11
BRDA:15,3,0,12
BRDA:15,4,0,12
BRDA:17,5,0,1
BRDA:17,5,1,12
BRDA:17,6,0,13
BRDA:17,6,1,4
BRDA:19,7,0,1
BRDA:19,7,1,12
BRDA:19,8,0,1
BRDA:19,8,1,12
BRDA:22,9,0,4
BRDA:22,9,1,9
BRDA:24,10,0,1
BRDA:24,10,1,3
BRDA:33,11,0,13
BRDA:33,11,1,1
BRDA:36,12,0,13
BRDA:36,12,1,1
BRDA:36,12,2,1
BRF:22
BRH:21
end_of_record
TN:
SF:src\modal\Modal.tsx
FN:25,Modal
FN:33,(anonymous_2)
FN:42,(anonymous_3)
FN:48,(anonymous_4)
FN:51,(anonymous_5)
FN:55,(anonymous_6)
FN:64,(anonymous_7)
FN:71,(anonymous_8)
FN:83,(anonymous_9)
FN:95,(anonymous_10)
FN:102,(anonymous_11)
FN:107,(anonymous_12)
FN:127,(anonymous_13)
FNF:13
FNH:0
FNDA:0,Modal
FNDA:0,(anonymous_2)
FNDA:0,(anonymous_3)
FNDA:0,(anonymous_4)
FNDA:0,(anonymous_5)
FNDA:0,(anonymous_6)
FNDA:0,(anonymous_7)
FNDA:0,(anonymous_8)
FNDA:0,(anonymous_9)
FNDA:0,(anonymous_10)
FNDA:0,(anonymous_11)
FNDA:0,(anonymous_12)
FNDA:0,(anonymous_13)
DA:6,0
DA:8,0
DA:9,0
DA:11,0
DA:13,0
DA:25,0
DA:26,0
DA:27,0
DA:28,0
DA:29,0
DA:30,0
DA:33,0
DA:34,0
DA:35,0
DA:37,0
DA:39,0
DA:40,0
DA:42,0
DA:43,0
DA:48,0
DA:49,0
DA:51,0
DA:52,0
DA:55,0
DA:56,0
DA:59,0
DA:61,0
DA:62,0
DA:64,0
DA:65,0
DA:66,0
DA:71,0
DA:72,0
DA:73,0
DA:75,0
DA:77,0
DA:78,0
DA:79,0
DA:80,0
DA:83,0
DA:84,0
DA:86,0
DA:87,0
DA:88,0
DA:89,0
DA:95,0
DA:96,0
DA:99,0
DA:102,0
DA:103,0
DA:107,0
DA:108,0
DA:109,0
DA:111,0
DA:114,0
DA:116,0
DA:127,0
LF:57
LH:0
BRDA:25,0,0,0
BRDA:25,1,0,0
BRDA:25,2,0,0
BRDA:34,3,0,0
BRDA:34,3,1,0
BRDA:37,4,0,0
BRDA:37,4,1,0
BRDA:49,5,0,0
BRDA:49,5,1,0
BRDA:52,6,0,0
BRDA:52,6,1,0
BRDA:72,7,0,0
BRDA:72,7,1,0
BRDA:77,8,0,0
BRDA:77,8,1,0
BRDA:86,9,0,0
BRDA:86,9,1,0
BRDA:96,10,0,0
BRDA:96,10,1,0
BRDA:99,11,0,0
BRDA:99,11,1,0
BRDA:108,12,0,0
BRDA:108,12,1,0
BRDA:108,13,0,0
BRDA:108,13,1,0
BRDA:114,14,0,0
BRDA:114,14,1,0
BRDA:119,15,0,0
BRDA:119,15,1,0
BRDA:119,16,0,0
BRDA:119,16,1,0
BRDA:126,17,0,0
BRDA:126,17,1,0
BRDA:126,18,0,0
BRDA:126,18,1,0
BRDA:129,19,0,0
BRDA:129,19,1,0
BRF:37
BRH:0
end_of_record
TN:
SF:src\modal\ModalProvider.tsx
FN:13,(anonymous_0)
FN:16,(anonymous_1)
FN:30,ModalProvider
FN:33,(anonymous_3)
FN:34,(anonymous_4)
FN:37,(anonymous_5)
FN:38,(anonymous_6)
FN:44,(anonymous_7)
FNF:8
FNH:0
FNDA:0,(anonymous_0)
FNDA:0,(anonymous_1)
FNDA:0,ModalProvider
FNDA:0,(anonymous_3)
FNDA:0,(anonymous_4)
FNDA:0,(anonymous_5)
FNDA:0,(anonymous_6)
FNDA:0,(anonymous_7)
DA:3,0
DA:5,0
DA:12,0
DA:14,0
DA:17,0
DA:30,0
DA:31,0
DA:33,0
DA:34,0
DA:37,0
DA:38,0
DA:41,0
DA:45,0
LF:13
LH:0
BRDA:33,0,0,0
BRF:1
BRH:0
end_of_record
TN:
SF:src\photo-upload\PhotoUpload.tsx
FN:23,PhotoUpload
FN:25,(anonymous_2)
FN:30,(anonymous_3)
FN:38,(anonymous_4)
FNF:4
FNH:0
FNDA:0,PhotoUpload
FNDA:0,(anonymous_2)
FNDA:0,(anonymous_3)
FNDA:0,(anonymous_4)
DA:4,0
DA:7,0
DA:8,0
DA:10,0
DA:23,0
DA:24,0
DA:25,0
DA:26,0
DA:27,0
DA:28,0
DA:30,0
DA:31,0
DA:32,0
DA:34,0
DA:35,0
DA:38,0
DA:39,0
DA:40,0
DA:44,0
LF:19
LH:0
BRDA:23,0,0,0
BRDA:23,1,0,0
BRDA:23,2,0,0
BRDA:23,3,0,0
BRDA:28,4,0,0
BRDA:28,4,1,0
BRDA:34,5,0,0
BRDA:34,5,1,0
BRDA:39,6,0,0
BRDA:39,6,1,0
BRDA:39,7,0,0
BRDA:39,7,1,0
BRDA:47,8,0,0
BRDA:47,8,1,0
BRDA:47,9,0,0
BRDA:47,9,1,0
BRDA:47,10,0,0
BRDA:47,10,1,0
BRDA:49,11,0,0
BRDA:49,11,1,0
BRDA:51,12,0,0
BRDA:51,12,1,0
BRDA:55,13,0,0
BRDA:55,13,1,0
BRF:24
BRH:0
end_of_record
TN:
SF:src\radio\Radio.tsx
FN:18,Radio
FN:32,(anonymous_2)
FN:49,RadioGroup
FN:58,(anonymous_4)
FNF:4
FNH:0
FNDA:0,Radio
FNDA:0,(anonymous_2)
FNDA:0,RadioGroup
FNDA:0,(anonymous_4)
DA:5,0
DA:7,0
DA:18,0
DA:26,0
DA:32,0
DA:49,0
DA:56,0
DA:59,0
LF:8
LH:0
BRDA:24,0,0,0
BRDA:32,1,0,0
BRDA:32,1,1,0
BRDA:54,2,0,0
BRF:4
BRH:0
end_of_record
TN:
SF:src\radio-button\RadioButton.tsx
FN:16,RadioButton
FN:20,(anonymous_2)
FN:21,(anonymous_3)
FN:37,(anonymous_4)
FN:41,(anonymous_5)
FN:45,(anonymous_6)
FNF:6
FNH:0
FNDA:0,RadioButton
FNDA:0,(anonymous_2)
FNDA:0,(anonymous_3)
FNDA:0,(anonymous_4)
FNDA:0,(anonymous_5)
FNDA:0,(anonymous_6)
DA:3,0
DA:5,0
DA:7,0
DA:16,0
DA:17,0
DA:18,0
DA:20,0
DA:21,0
DA:23,0
DA:24,0
DA:25,0
DA:26,0
DA:28,0
DA:29,0
DA:30,0
DA:35,0
DA:38,0
DA:42,0
DA:45,0
LF:19
LH:0
BRDA:23,0,0,0
BRDA:23,0,1,0
BRDA:23,1,0,0
BRDA:23,1,1,0
BRDA:28,2,0,0
BRDA:28,2,1,0
BRDA:42,3,0,0
BRDA:42,3,1,0
BRDA:44,4,0,0
BRDA:44,4,1,0
BRF:10
BRH:0
end_of_record
TN:
SF:src\select\Select.tsx
FN:22,Select
FN:42,(anonymous_11)
FN:43,(anonymous_12)
FN:52,(anonymous_13)
FN:55,(anonymous_14)
FN:61,(anonymous_15)
FN:67,(anonymous_16)
FN:72,(anonymous_17)
FN:95,(anonymous_18)
FN:99,(anonymous_19)
FN:130,(anonymous_20)
FN:136,(anonymous_21)
FN:142,(anonymous_22)
FN:167,(anonymous_23)
FNF:14
FNH:0
FNDA:0,Select
FNDA:0,(anonymous_11)
FNDA:0,(anonymous_12)
FNDA:0,(anonymous_13)
FNDA:0,(anonymous_14)
FNDA:0,(anonymous_15)
FNDA:0,(anonymous_16)
FNDA:0,(anonymous_17)
FNDA:0,(anonymous_18)
FNDA:0,(anonymous_19)
FNDA:0,(anonymous_20)
FNDA:0,(anonymous_21)
FNDA:0,(anonymous_22)
FNDA:0,(anonymous_23)
DA:3,0
DA:5,0
DA:7,0
DA:22,0
DA:34,0
DA:35,0
DA:36,0
DA:37,0
DA:38,0
DA:40,0
DA:42,0
DA:43,0
DA:44,0
DA:45,0
DA:46,0
DA:50,0
DA:52,0
DA:55,0
DA:56,0
DA:57,0
DA:61,0
DA:62,0
DA:63,0
DA:64,0
DA:67,0
DA:68,0
DA:69,0
DA:72,0
DA:73,0
DA:74,0
DA:76,0
DA:77,0
DA:79,0
DA:80,0
DA:84,0
DA:95,0
DA:100,0
DA:101,0
DA:102,0
DA:103,0
DA:130,0
DA:137,0
DA:142,0
DA:167,0
LF:44
LH:0
BRDA:26,0,0,0
BRDA:28,1,0,0
BRDA:29,2,0,0
BRDA:31,3,0,0
BRDA:40,4,0,0
BRDA:40,4,1,0
BRDA:44,5,0,0
BRDA:44,5,1,0
BRDA:44,6,0,0
BRDA:44,6,1,0
BRDA:56,7,0,0
BRDA:56,7,1,0
BRDA:56,8,0,0
BRDA:56,8,1,0
BRDA:73,9,0,0
BRDA:73,9,1,0
BRDA:76,10,0,0
BRDA:76,10,1,0
BRDA:76,11,0,0
BRDA:76,11,1,0
BRDA:95,12,0,0
BRDA:95,12,1,0
BRDA:96,13,0,0
BRDA:96,13,1,0
BRDA:100,14,0,0
BRDA:100,14,1,0
BRDA:100,15,0,0
BRDA:100,15,1,0
BRDA:102,16,0,0
BRDA:102,16,1,0
BRDA:126,17,0,0
BRDA:126,17,1,0
BRDA:150,18,0,0
BRDA:150,18,1,0
BRDA:150,18,2,0
BRDA:160,19,0,0
BRDA:160,19,1,0
BRDA:160,19,2,0
BRDA:176,20,0,0
BRDA:176,20,1,0
BRDA:176,20,2,0
BRF:41
BRH:0
end_of_record
TN:
SF:src\textarea\Textarea.tsx
FN:20,Textarea
FNF:1
FNH:1
FNDA:9,Textarea
DA:4,1
DA:6,1
DA:20,1
DA:21,9
DA:23,9
LF:5
LH:5
BRDA:20,0,0,8
BRDA:20,1,0,8
BRDA:20,2,0,8
BRDA:20,3,0,8
BRDA:21,4,0,9
BRDA:21,4,1,1
BRDA:21,5,0,9
BRDA:21,5,1,1
BRDA:35,6,0,9
BRDA:35,6,1,1
BRF:10
BRH:10
end_of_record
